[debug] [2020-09-04T22:03:21.959Z] ----------------------------------------------------------------------
[debug] [2020-09-04T22:03:21.962Z] Command:       C:\Program Files\nodejs\node.exe C:\Users\carlo\AppData\Roaming\npm\node_modules\firebase-tools\lib\bin\firebase.js deploy
[debug] [2020-09-04T22:03:21.962Z] CLI Version:   8.9.0
[debug] [2020-09-04T22:03:21.962Z] Platform:      win32
[debug] [2020-09-04T22:03:21.962Z] Node Version:  v12.18.3
[debug] [2020-09-04T22:03:21.963Z] Time:          Fri Sep 04 2020 18:03:21 GMT-0400 (GMT-04:00)
[debug] [2020-09-04T22:03:21.963Z] ----------------------------------------------------------------------
[debug] [2020-09-04T22:03:21.964Z] 
[debug] [2020-09-04T22:03:21.973Z] > command requires scopes: ["email","openid","https://www.googleapis.com/auth/cloudplatformprojects.readonly","https://www.googleapis.com/auth/firebase","https://www.googleapis.com/auth/cloud-platform"]
[debug] [2020-09-04T22:03:21.974Z] > authorizing via signed-in user
[debug] [2020-09-04T22:03:21.974Z] [iam] checking project graphite-maker-287716 for permissions ["firebase.projects.get","firebasehosting.sites.update"]
[debug] [2020-09-04T22:03:21.977Z] > refreshing access token with scopes: ["email","https://www.googleapis.com/auth/cloud-platform","https://www.googleapis.com/auth/cloudplatformprojects.readonly","https://www.googleapis.com/auth/firebase","openid"]
[debug] [2020-09-04T22:03:21.978Z] >>> HTTP REQUEST POST https://www.googleapis.com/oauth2/v3/token  
 <request body omitted>
[debug] [2020-09-04T22:03:22.184Z] <<< HTTP RESPONSE 200 {"content-type":"application/json; charset=utf-8","vary":"X-Origin, Referer, Origin,Accept-Encoding","date":"Fri, 04 Sep 2020 22:03:22 GMT","server":"scaffolding on HTTPServer2","cache-control":"private","x-xss-protection":"0","x-frame-options":"SAMEORIGIN","x-content-type-options":"nosniff","alt-svc":"h3-29=\":443\"; ma=2592000,h3-27=\":443\"; ma=2592000,h3-T051=\":443\"; ma=2592000,h3-T050=\":443\"; ma=2592000,h3-Q050=\":443\"; ma=2592000,h3-Q046=\":443\"; ma=2592000,h3-Q043=\":443\"; ma=2592000,quic=\":443\"; ma=2592000; v=\"46,43\"","accept-ranges":"none","transfer-encoding":"chunked"}
[debug] [2020-09-04T22:03:22.201Z] >>> HTTP REQUEST POST https://cloudresourcemanager.googleapis.com/v1/projects/graphite-maker-287716:testIamPermissions  
 {"permissions":["firebase.projects.get","firebasehosting.sites.update"]}
[debug] [2020-09-04T22:03:23.165Z] <<< HTTP RESPONSE 200 {"content-type":"application/json; charset=UTF-8","vary":"X-Origin, Referer, Origin,Accept-Encoding","date":"Fri, 04 Sep 2020 22:03:23 GMT","server":"ESF","cache-control":"private","x-xss-protection":"0","x-frame-options":"SAMEORIGIN","x-content-type-options":"nosniff","server-timing":"gfet4t7; dur=820","alt-svc":"h3-29=\":443\"; ma=2592000,h3-27=\":443\"; ma=2592000,h3-T051=\":443\"; ma=2592000,h3-T050=\":443\"; ma=2592000,h3-Q050=\":443\"; ma=2592000,h3-Q046=\":443\"; ma=2592000,h3-Q043=\":443\"; ma=2592000,quic=\":443\"; ma=2592000; v=\"46,43\"","accept-ranges":"none","transfer-encoding":"chunked"}
[debug] [2020-09-04T22:03:23.172Z] >>> HTTP REQUEST GET https://firebase.googleapis.com/v1beta1/projects/graphite-maker-287716  
 
[debug] [2020-09-04T22:03:23.505Z] <<< HTTP RESPONSE 200 {"content-type":"application/json; charset=UTF-8","vary":"X-Origin, Referer, Origin,Accept-Encoding","date":"Fri, 04 Sep 2020 22:03:23 GMT","server":"ESF","cache-control":"private","x-xss-protection":"0","x-frame-options":"SAMEORIGIN","x-content-type-options":"nosniff","alt-svc":"h3-29=\":443\"; ma=2592000,h3-27=\":443\"; ma=2592000,h3-T051=\":443\"; ma=2592000,h3-T050=\":443\"; ma=2592000,h3-Q050=\":443\"; ma=2592000,h3-Q046=\":443\"; ma=2592000,h3-Q043=\":443\"; ma=2592000,quic=\":443\"; ma=2592000; v=\"46,43\"","accept-ranges":"none","transfer-encoding":"chunked"}
[info] 
[info] === Deploying to 'graphite-maker-287716'...
[info] 
[info] i  deploying hosting 
[debug] [2020-09-04T22:03:23.523Z] >>> HTTP REQUEST POST https://firebasehosting.googleapis.com/v1beta1/sites/graphite-maker-287716/versions  
 {"config":{"rewrites":[{"glob":"**","path":"/index.html"}],"headers":[{"glob":"**/*","headers":{"Cache-Control":"no-cache, no-store, must-revalidate","X-Content-Type-Options":"nosniff","X-Frame-Options":"ALLOW-FROM https://cambiatedebanco.cl/","x-xss-protection":"1"}}]},"labels":{"deployment-tool":"cli-firebase"}}
[debug] [2020-09-04T22:03:25.212Z] <<< HTTP RESPONSE 200 {"content-type":"application/json; charset=UTF-8","vary":"X-Origin, Referer, Origin,Accept-Encoding","date":"Fri, 04 Sep 2020 22:03:25 GMT","server":"ESF","cache-control":"private","x-xss-protection":"0","x-frame-options":"SAMEORIGIN","x-content-type-options":"nosniff","alt-svc":"h3-29=\":443\"; ma=2592000,h3-27=\":443\"; ma=2592000,h3-T051=\":443\"; ma=2592000,h3-T050=\":443\"; ma=2592000,h3-Q050=\":443\"; ma=2592000,h3-Q046=\":443\"; ma=2592000,h3-Q043=\":443\"; ma=2592000,quic=\":443\"; ma=2592000; v=\"46,43\"","accept-ranges":"none","transfer-encoding":"chunked"}
[info] i  hosting[graphite-maker-287716]: beginning deploy... 
[info] i  hosting[graphite-maker-287716]: found 2820 files in dist/appPilot 
[debug] [2020-09-04T22:03:28.259Z] >>> HTTP REQUEST POST https://firebasehosting.googleapis.com/v1beta1/sites/graphite-maker-287716/versions/33d287f6c7706720:populateFiles  
 <request body omitted>
[debug] [2020-09-04T22:03:30.539Z] >>> HTTP REQUEST POST https://firebasehosting.googleapis.com/v1beta1/sites/graphite-maker-287716/versions/33d287f6c7706720:populateFiles  
 <request body omitted>
[debug] [2020-09-04T22:03:30.649Z] <<< HTTP RESPONSE 200 {"content-type":"application/json; charset=UTF-8","vary":"X-Origin, Referer, Origin,Accept-Encoding","date":"Fri, 04 Sep 2020 22:03:30 GMT","server":"ESF","cache-control":"private","x-xss-protection":"0","x-frame-options":"SAMEORIGIN","x-content-type-options":"nosniff","alt-svc":"h3-29=\":443\"; ma=2592000,h3-27=\":443\"; ma=2592000,h3-T051=\":443\"; ma=2592000,h3-T050=\":443\"; ma=2592000,h3-Q050=\":443\"; ma=2592000,h3-Q046=\":443\"; ma=2592000,h3-Q043=\":443\"; ma=2592000,quic=\":443\"; ma=2592000; v=\"46,43\"","accept-ranges":"none","transfer-encoding":"chunked"}
[debug] [2020-09-04T22:03:32.371Z] [hosting] hash cache [ZGlzdFxhcHBQaWxvdA] stored for 2820 files
[debug] [2020-09-04T22:03:32.374Z] [hosting][hash queue][FINAL] {"max":5968,"min":18,"avg":108.02978723404256,"active":0,"complete":2820,"success":2820,"errored":0,"retried":0,"total":2820,"elapsed":6197}
[debug] [2020-09-04T22:03:32.374Z] >>> HTTP REQUEST POST https://firebasehosting.googleapis.com/v1beta1/sites/graphite-maker-287716/versions/33d287f6c7706720:populateFiles  
 <request body omitted>
[debug] [2020-09-04T22:03:33.597Z] <<< HTTP RESPONSE 200 {"content-type":"application/json; charset=UTF-8","vary":"X-Origin, Referer, Origin,Accept-Encoding","date":"Fri, 04 Sep 2020 22:03:33 GMT","server":"ESF","cache-control":"private","x-xss-protection":"0","x-frame-options":"SAMEORIGIN","x-content-type-options":"nosniff","alt-svc":"h3-29=\":443\"; ma=2592000,h3-27=\":443\"; ma=2592000,h3-T051=\":443\"; ma=2592000,h3-T050=\":443\"; ma=2592000,h3-Q050=\":443\"; ma=2592000,h3-Q046=\":443\"; ma=2592000,h3-Q043=\":443\"; ma=2592000,quic=\":443\"; ma=2592000; v=\"46,43\"","accept-ranges":"none","transfer-encoding":"chunked"}
[debug] [2020-09-04T22:03:34.870Z] <<< HTTP RESPONSE 200 {"content-type":"application/json; charset=UTF-8","vary":"X-Origin, Referer, Origin,Accept-Encoding","date":"Fri, 04 Sep 2020 22:03:34 GMT","server":"ESF","cache-control":"private","x-xss-protection":"0","x-frame-options":"SAMEORIGIN","x-content-type-options":"nosniff","alt-svc":"h3-29=\":443\"; ma=2592000,h3-27=\":443\"; ma=2592000,h3-T051=\":443\"; ma=2592000,h3-T050=\":443\"; ma=2592000,h3-Q050=\":443\"; ma=2592000,h3-Q046=\":443\"; ma=2592000,h3-Q043=\":443\"; ma=2592000,quic=\":443\"; ma=2592000; v=\"46,43\"","accept-ranges":"none","transfer-encoding":"chunked"}
[debug] [2020-09-04T22:03:34.882Z] [hosting][populate queue][FINAL] {"max":3062,"min":2397,"avg":2656.6666666666665,"active":0,"complete":3,"success":3,"errored":0,"retried":0,"total":3,"elapsed":6629}
[debug] [2020-09-04T22:03:34.883Z] [hosting] uploads queued: 5
